<?xml version="1.0" encoding="UTF-8"?>
<testsuite name="AppTest" tests="3" skipped="0" failures="0" errors="0" timestamp="2016-05-13T20:49:10" hostname="epicodus-92.local" time="0.458">
  <properties/>
  <testcase name="bandDetailPageIsDisplayed" classname="AppTest" time="0.34"/>
  <testcase name="rootTest" classname="AppTest" time="0.03"/>
  <testcase name="bandGetCreated" classname="AppTest" time="0.081"/>
  <system-out><![CDATA[]]></system-out>
  <system-err><![CDATA[[Thread-4] INFO org.eclipse.jetty.util.log - Logging initialized @534ms
[Thread-4] INFO spark.webserver.JettySparkServer - == Spark has ignited ...
[Thread-4] INFO spark.webserver.JettySparkServer - >> Listening on 0.0.0.0:4567
[Thread-4] INFO org.eclipse.jetty.server.Server - jetty-9.3.2.v20150730
[Thread-4] INFO org.eclipse.jetty.server.ServerConnector - Started ServerConnector@32010265{HTTP/1.1,[http/1.1]}{0.0.0.0:4567}
[Thread-4] INFO org.eclipse.jetty.server.Server - Started @610ms
May 13, 2016 1:49:11 PM com.gargoylesoftware.htmlunit.html.InputElementFactory createElementNS
INFO: Bad input type: "number", creating a text input
May 13, 2016 1:49:11 PM com.gargoylesoftware.htmlunit.html.InputElementFactory createElementNS
INFO: Bad input type: "number", creating a text input
May 13, 2016 1:49:11 PM com.gargoylesoftware.htmlunit.html.InputElementFactory createElementNS
INFO: Bad input type: "number", creating a text input
[Test worker] INFO spark.webserver.JettySparkServer - >>> Spark shutting down ...
[Test worker] INFO org.eclipse.jetty.server.ServerConnector - Stopped ServerConnector@32010265{HTTP/1.1,[http/1.1]}{0.0.0.0:4567}
[Test worker] INFO spark.webserver.JettySparkServer - done
]]></system-err>
</testsuite>
