<?xml version="1.0" encoding="UTF-8"?>
<testsuite name="BandTest" tests="9" skipped="0" failures="0" errors="0" timestamp="2016-05-15T01:03:05" hostname="oems-MacBook-Pro.local" time="0.508">
  <properties/>
  <testcase name="Band_updatesNameCorrectly" classname="BandTest" time="0.05"/>
  <testcase name="Band_savesCorrectly" classname="BandTest" time="0.071"/>
  <testcase name="Band_returnBandId" classname="BandTest" time="0.015"/>
  <testcase name="Band_findBandCorrectly" classname="BandTest" time="0.036"/>
  <testcase name="Band_venueIsCorrectlyAdded" classname="BandTest" time="0.152"/>
  <testcase name="and_returnBandName" classname="BandTest" time="0.011"/>
  <testcase name="Band_returnFalseIfNameIsEmpty" classname="BandTest" time="0.04"/>
  <testcase name="Band_InstantiateCorrectly" classname="BandTest" time="0.014"/>
  <testcase name="Band_deletesBandCorrectly" classname="BandTest" time="0.107"/>
  <system-out><![CDATA[]]></system-out>
  <system-err><![CDATA[]]></system-err>
</testsuite>
