<?xml version="1.0" encoding="UTF-8"?>
<testsuite name="VenueTest" tests="6" skipped="0" failures="0" errors="0" timestamp="2016-05-14T15:59:46" hostname="oems-MacBook-Pro.local" time="0.103">
  <properties/>
  <testcase name="Venue_returnFalseIfNameIsEmpty" classname="VenueTest" time="0.011"/>
  <testcase name="Venue_checksCorrectlyIfABandCanPlayHere" classname="VenueTest" time="0.024"/>
  <testcase name="and_returnVenueName" classname="VenueTest" time="0.012"/>
  <testcase name="Venue_getSavedCorrectly" classname="VenueTest" time="0.029"/>
  <testcase name="Venue_returnVenueId" classname="VenueTest" time="0.011"/>
  <testcase name="Venue_InstantiateCorrectly" classname="VenueTest" time="0.009"/>
  <system-out><![CDATA[]]></system-out>
  <system-err><![CDATA[]]></system-err>
</testsuite>
