<?xml version="1.0" encoding="UTF-8"?>
<testsuite name="VenueTest" tests="4" skipped="0" failures="0" errors="0" timestamp="2016-05-13T16:13:24" hostname="epicodus-92.local" time="0.03">
  <properties/>
  <testcase name="and_returnVenueName" classname="VenueTest" time="0.005"/>
  <testcase name="Venue_getSavedCorrectly" classname="VenueTest" time="0.016"/>
  <testcase name="Venue_returnVenueId" classname="VenueTest" time="0.004"/>
  <testcase name="Venue_InstantiateCorrectly" classname="VenueTest" time="0.004"/>
  <system-out><![CDATA[]]></system-out>
  <system-err><![CDATA[]]></system-err>
</testsuite>
