<?xml version="1.0" encoding="UTF-8"?>
<testsuite name="BandTest" tests="9" skipped="0" failures="0" errors="0" timestamp="2016-05-14T18:13:36" hostname="oems-MacBook-Pro.local" time="0.449">
  <properties/>
  <testcase name="Band_updatesNameCorrectly" classname="BandTest" time="0.056"/>
  <testcase name="Band_savesCorrectly" classname="BandTest" time="0.055"/>
  <testcase name="Band_returnBandId" classname="BandTest" time="0.015"/>
  <testcase name="Band_findBandCorrectly" classname="BandTest" time="0.035"/>
  <testcase name="Band_venueIsCorrectlyAdded" classname="BandTest" time="0.093"/>
  <testcase name="and_returnBandName" classname="BandTest" time="0.011"/>
  <testcase name="Band_returnFalseIfNameIsEmpty" classname="BandTest" time="0.012"/>
  <testcase name="Band_InstantiateCorrectly" classname="BandTest" time="0.013"/>
  <testcase name="Band_deletesBandCorrectly" classname="BandTest" time="0.149"/>
  <system-out><![CDATA[]]></system-out>
  <system-err><![CDATA[]]></system-err>
</testsuite>
