<?xml version="1.0" encoding="UTF-8"?>
<testsuite name="VenueTest" tests="3" skipped="0" failures="0" errors="0" timestamp="2016-05-13T03:45:58" hostname="oems-MacBook-Pro.local" time="0.004">
  <properties/>
  <testcase name="and_returnVenueName" classname="VenueTest" time="0.002"/>
  <testcase name="Venue_returnVenueId" classname="VenueTest" time="0.001"/>
  <testcase name="Venue_InstantiateCorrectly" classname="VenueTest" time="0.0"/>
  <system-out><![CDATA[]]></system-out>
  <system-err><![CDATA[]]></system-err>
</testsuite>
