<?xml version="1.0" encoding="UTF-8"?>
<testsuite name="VenueTest" tests="7" skipped="0" failures="0" errors="0" timestamp="2016-05-13T17:55:13" hostname="epicodus-92.local" time="0.068">
  <properties/>
  <testcase name="Venue_returnFalseIfNameIsEmpty" classname="VenueTest" time="0.004"/>
  <testcase name="Venue_checksCorrectlyIfABandCanPlayHere" classname="VenueTest" time="0.008"/>
  <testcase name="and_returnVenueName" classname="VenueTest" time="0.004"/>
  <testcase name="Venue_getSavedCorrectly" classname="VenueTest" time="0.013"/>
  <testcase name="Venue_returnVenueId" classname="VenueTest" time="0.007"/>
  <testcase name="Band_deletesBandCorrectly" classname="VenueTest" time="0.027"/>
  <testcase name="Venue_InstantiateCorrectly" classname="VenueTest" time="0.005"/>
  <system-out><![CDATA[]]></system-out>
  <system-err><![CDATA[]]></system-err>
</testsuite>
