<?xml version="1.0" encoding="UTF-8"?>
<testsuite name="VenueTest" tests="5" skipped="0" failures="0" errors="0" timestamp="2016-05-13T17:04:21" hostname="epicodus-92.local" time="0.037">
  <properties/>
  <testcase name="Venue_checksCOrrectlyIfABandCanPlayHere" classname="VenueTest" time="0.007"/>
  <testcase name="and_returnVenueName" classname="VenueTest" time="0.005"/>
  <testcase name="Venue_getSavedCorrectly" classname="VenueTest" time="0.014"/>
  <testcase name="Venue_returnVenueId" classname="VenueTest" time="0.005"/>
  <testcase name="Venue_InstantiateCorrectly" classname="VenueTest" time="0.005"/>
  <system-out><![CDATA[]]></system-out>
  <system-err><![CDATA[]]></system-err>
</testsuite>
